2026-06-02T22:05:19.619+08:00  INFO 26136 --- [main] com.bjtu.canteen.CanteenSimApplication   : Starting CanteenSimApplication v1.0.0 using Java 21.0.11 with PID 26136 (C:\Users\20681\Desktop\bjtu-canteen\bjtu-canteen\portable\app.jar started by 20681 in C:\Users\20681\Desktop\bjtu-canteen\bjtu-canteen\portable)
2026-06-02T22:05:19.621+08:00 DEBUG 26136 --- [main] com.bjtu.canteen.CanteenSimApplication   : Running with Spring Boot v3.3.5, Spring v6.1.14
2026-06-02T22:05:19.621+08:00  INFO 26136 --- [main] com.bjtu.canteen.CanteenSimApplication   : No active profile set, falling back to 1 default profile: "default"
2026-06-02T22:05:21.653+08:00  INFO 26136 --- [main] o.s.b.w.embedded.tomcat.TomcatWebServer  : Tomcat initialized with port 8888 (http)
2026-06-02T22:05:21.695+08:00  INFO 26136 --- [main] o.apache.catalina.core.StandardService   : Starting service [Tomcat]
2026-06-02T22:05:21.697+08:00  INFO 26136 --- [main] o.apache.catalina.core.StandardEngine    : Starting Servlet engine: [Apache Tomcat/10.1.31]
2026-06-02T22:05:21.804+08:00  INFO 26136 --- [main] o.a.c.c.C.[Tomcat].[localhost].[/api]    : Initializing Spring embedded WebApplicationContext
2026-06-02T22:05:21.806+08:00  INFO 26136 --- [main] w.s.c.ServletWebServerApplicationContext : Root WebApplicationContext: initialization completed in 2124 ms
2026-06-02T22:05:25.134+08:00  INFO 26136 --- [main] o.s.b.w.embedded.tomcat.TomcatWebServer  : Tomcat started on port 8888 (http) with context path '/api'
2026-06-02T22:05:25.327+08:00  INFO 26136 --- [main] com.bjtu.canteen.CanteenSimApplication   : Started CanteenSimApplication in 6.093 seconds (process running for 7.485)
2026-06-02T22:05:26.517+08:00  INFO 26136 --- [http-nio-8888-exec-1] o.a.c.c.C.[Tomcat].[localhost].[/api]    : Initializing Spring DispatcherServlet 'dispatcherServlet'
2026-06-02T22:05:26.517+08:00  INFO 26136 --- [http-nio-8888-exec-1] o.s.web.servlet.DispatcherServlet        : Initializing Servlet 'dispatcherServlet'
2026-06-02T22:05:26.521+08:00  INFO 26136 --- [http-nio-8888-exec-1] o.s.web.servlet.DispatcherServlet        : Completed initialization in 4 ms
2026-06-02T22:05:28.043+08:00  INFO 26136 --- [http-nio-8888-exec-5] com.zaxxer.hikari.HikariDataSource       : HikariPool-1 - Starting...
2026-06-02T22:05:28.546+08:00  INFO 26136 --- [http-nio-8888-exec-5] com.zaxxer.hikari.pool.HikariPool        : HikariPool-1 - Added connection com.mysql.cj.jdbc.ConnectionImpl@566845c6
2026-06-02T22:05:28.553+08:00  INFO 26136 --- [http-nio-8888-exec-5] com.zaxxer.hikari.HikariDataSource       : HikariPool-1 - Start completed.
2026-06-02T22:05:29.226+08:00 ERROR 26136 --- [http-nio-8888-exec-5] o.a.c.c.C.[.[.[.[dispatcherServlet]      : Servlet.service() for servlet [dispatcherServlet] in context with path [/api] threw exception [Request processing failed: org.springframework.jdbc.BadSqlGrammarException: 
### Error querying database.  Cause: java.sql.SQLSyntaxErrorException: Table 'bjtu_canteen.feedback' doesn't exist
### The error may exist in com/bjtu/canteen/mapper/FeedbackMapper.java (best guess)
### The error may involve com.bjtu.canteen.mapper.FeedbackMapper.findRecent-Inline
### The error occurred while setting parameters
### SQL: SELECT f.*, w.window_name FROM feedback f LEFT JOIN window_info w ON f.window_id = w.id ORDER BY f.created_at DESC LIMIT ?
### Cause: java.sql.SQLSyntaxErrorException: Table 'bjtu_canteen.feedback' doesn't exist
; bad SQL grammar []] with root cause

java.sql.SQLSyntaxErrorException: Table 'bjtu_canteen.feedback' doesn't exist
	at com.mysql.cj.jdbc.exceptions.SQLError.createSQLException(SQLError.java:121) ~[mysql-connector-j-8.3.0.jar!/:8.3.0]
	at com.mysql.cj.jdbc.exceptions.SQLExceptionsMapping.translateException(SQLExceptionsMapping.java:122) ~[mysql-connector-j-8.3.0.jar!/:8.3.0]
	at com.mysql.cj.jdbc.ClientPreparedStatement.executeInternal(ClientPreparedStatement.java:912) ~[mysql-connector-j-8.3.0.jar!/:8.3.0]
	at com.mysql.cj.jdbc.ClientPreparedStatement.execute(ClientPreparedStatement.java:354) ~[mysql-connector-j-8.3.0.jar!/:8.3.0]
	at com.zaxxer.hikari.pool.ProxyPreparedStatement.execute(ProxyPreparedStatement.java:44) ~[HikariCP-5.1.0.jar!/:na]
	at com.zaxxer.hikari.pool.HikariProxyPreparedStatement.execute(HikariProxyPreparedStatement.java) ~[HikariCP-5.1.0.jar!/:na]
	at java.base/jdk.internal.reflect.DirectMethodHandleAccessor.invoke(Unknown Source) ~[na:na]
	at java.base/java.lang.reflect.Method.invoke(Unknown Source) ~[na:na]
	at org.apache.ibatis.logging.jdbc.PreparedStatementLogger.invoke(PreparedStatementLogger.java:58) ~[mybatis-3.5.14.jar!/:3.5.14]
	at jdk.proxy3/jdk.proxy3.$Proxy88.execute(Unknown Source) ~[na:na]
	at org.apache.ibatis.executor.statement.PreparedStatementHandler.query(PreparedStatementHandler.java:65) ~[mybatis-3.5.14.jar!/:3.5.14]
	at org.apache.ibatis.executor.statement.RoutingStatementHandler.query(RoutingStatementHandler.java:80) ~[mybatis-3.5.14.jar!/:3.5.14]
	at org.apache.ibatis.executor.SimpleExecutor.doQuery(SimpleExecutor.java:65) ~[mybatis-3.5.14.jar!/:3.5.14]
	at org.apache.ibatis.executor.BaseExecutor.queryFromDatabase(BaseExecutor.java:336) ~[mybatis-3.5.14.jar!/:3.5.14]
	at org.apache.ibatis.executor.BaseExecutor.query(BaseExecutor.java:158) ~[mybatis-3.5.14.jar!/:3.5.14]
	at org.apache.ibatis.executor.CachingExecutor.query(CachingExecutor.java:110) ~[mybatis-3.5.14.jar!/:3.5.14]
	at org.apache.ibatis.executor.CachingExecutor.query(CachingExecutor.java:90) ~[mybatis-3.5.14.jar!/:3.5.14]
	at org.apache.ibatis.session.defaults.DefaultSqlSession.selectList(DefaultSqlSession.java:154) ~[mybatis-3.5.14.jar!/:3.5.14]
	at org.apache.ibatis.session.defaults.DefaultSqlSession.selectList(DefaultSqlSession.java:147) ~[mybatis-3.5.14.jar!/:3.5.14]
	at org.apache.ibatis.session.defaults.DefaultSqlSession.selectList(DefaultSqlSession.java:142) ~[mybatis-3.5.14.jar!/:3.5.14]
	at java.base/jdk.internal.reflect.DirectMethodHandleAccessor.invoke(Unknown Source) ~[na:na]
	at java.base/java.lang.reflect.Method.invoke(Unknown Source) ~[na:na]
	at org.mybatis.spring.SqlSessionTemplate$SqlSessionInterceptor.invoke(SqlSessionTemplate.java:425) ~[mybatis-spring-3.0.3.jar!/:3.0.3]
	at jdk.proxy2/jdk.proxy2.$Proxy65.selectList(Unknown Source) ~[na:na]
	at org.mybatis.spring.SqlSessionTemplate.selectList(SqlSessionTemplate.java:224) ~[mybatis-spring-3.0.3.jar!/:3.0.3]
	at org.apache.ibatis.binding.MapperMethod.executeForMany(MapperMethod.java:147) ~[mybatis-3.5.14.jar!/:3.5.14]
	at org.apache.ibatis.binding.MapperMethod.execute(MapperMethod.java:80) ~[mybatis-3.5.14.jar!/:3.5.14]
	at org.apache.ibatis.binding.MapperProxy$PlainMethodInvoker.invoke(MapperProxy.java:141) ~[mybatis-3.5.14.jar!/:3.5.14]
	at org.apache.ibatis.binding.MapperProxy.invoke(MapperProxy.java:86) ~[mybatis-3.5.14.jar!/:3.5.14]
	at jdk.proxy2/jdk.proxy2.$Proxy73.findRecent(Unknown Source) ~[na:na]
	at com.bjtu.canteen.controller.CanteenController.getFeedback(CanteenController.java:114) ~[!/:1.0.0]
	at java.base/jdk.internal.reflect.DirectMethodHandleAccessor.invoke(Unknown Source) ~[na:na]
	at java.base/java.lang.reflect.Method.invoke(Unknown Source) ~[na:na]
	at org.springframework.web.method.support.InvocableHandlerMethod.doInvoke(InvocableHandlerMethod.java:255) ~[spring-web-6.1.14.jar!/:6.1.14]
	at org.springframework.web.method.support.InvocableHandlerMethod.invokeForRequest(InvocableHandlerMethod.java:188) ~[spring-web-6.1.14.jar!/:6.1.14]
	at org.springframework.web.servlet.mvc.method.annotation.ServletInvocableHandlerMethod.invokeAndHandle(ServletInvocableHandlerMethod.java:118) ~[spring-webmvc-6.1.14.jar!/:6.1.14]
	at org.springframework.web.servlet.mvc.method.annotation.RequestMappingHandlerAdapter.invokeHandlerMethod(RequestMappingHandlerAdapter.java:926) ~[spring-webmvc-6.1.14.jar!/:6.1.14]
	at org.springframework.web.servlet.mvc.method.annotation.RequestMappingHandlerAdapter.handleInternal(RequestMappingHandlerAdapter.java:831) ~[spring-webmvc-6.1.14.jar!/:6.1.14]
	at org.springframework.web.servlet.mvc.method.AbstractHandlerMethodAdapter.handle(AbstractHandlerMethodAdapter.java:87) ~[spring-webmvc-6.1.14.jar!/:6.1.14]
	at org.springframework.web.servlet.DispatcherServlet.doDispatch(DispatcherServlet.java:1089) ~[spring-webmvc-6.1.14.jar!/:6.1.14]
	at org.springframework.web.servlet.DispatcherServlet.doService(DispatcherServlet.java:979) ~[spring-webmvc-6.1.14.jar!/:6.1.14]
	at org.springframework.web.servlet.FrameworkServlet.processRequest(FrameworkServlet.java:1014) ~[spring-webmvc-6.1.14.jar!/:6.1.14]
	at org.springframework.web.servlet.FrameworkServlet.doGet(FrameworkServlet.java:903) ~[spring-webmvc-6.1.14.jar!/:6.1.14]
	at jakarta.servlet.http.HttpServlet.service(HttpServlet.java:564) ~[tomcat-embed-core-10.1.31.jar!/:na]
	at org.springframework.web.servlet.FrameworkServlet.service(FrameworkServlet.java:885) ~[spring-webmvc-6.1.14.jar!/:6.1.14]
	at jakarta.servlet.http.HttpServlet.service(HttpServlet.java:658) ~[tomcat-embed-core-10.1.31.jar!/:na]
	at org.apache.catalina.core.ApplicationFilterChain.internalDoFilter(ApplicationFilterChain.java:195) ~[tomcat-embed-core-10.1.31.jar!/:na]
	at org.apache.catalina.core.ApplicationFilterChain.doFilter(ApplicationFilterChain.java:140) ~[tomcat-embed-core-10.1.31.jar!/:na]
	at org.apache.tomcat.websocket.server.WsFilter.doFilter(WsFilter.java:51) ~[tomcat-embed-websocket-10.1.31.jar!/:na]
	at org.apache.catalina.core.ApplicationFilterChain.internalDoFilter(ApplicationFilterChain.java:164) ~[tomcat-embed-core-10.1.31.jar!/:na]
	at org.apache.catalina.core.ApplicationFilterChain.doFilter(ApplicationFilterChain.java:140) ~[tomcat-embed-core-10.1.31.jar!/:na]
	at org.springframework.web.filter.RequestContextFilter.doFilterInternal(RequestContextFilter.java:100) ~[spring-web-6.1.14.jar!/:6.1.14]
	at org.springframework.web.filter.OncePerRequestFilter.doFilter(OncePerRequestFilter.java:116) ~[spring-web-6.1.14.jar!/:6.1.14]
	at org.apache.catalina.core.ApplicationFilterChain.internalDoFilter(ApplicationFilterChain.java:164) ~[tomcat-embed-core-10.1.31.jar!/:na]
	at org.apache.catalina.core.ApplicationFilterChain.doFilter(ApplicationFilterChain.java:140) ~[tomcat-embed-core-10.1.31.jar!/:na]
	at org.springframework.web.filter.FormContentFilter.doFilterInternal(FormContentFilter.java:93) ~[spring-web-6.1.14.jar!/:6.1.14]
	at org.springframework.web.filter.OncePerRequestFilter.doFilter(OncePerRequestFilter.java:116) ~[spring-web-6.1.14.jar!/:6.1.14]
	at org.apache.catalina.core.ApplicationFilterChain.internalDoFilter(ApplicationFilterChain.java:164) ~[tomcat-embed-core-10.1.31.jar!/:na]
	at org.apache.catalina.core.ApplicationFilterChain.doFilter(ApplicationFilterChain.java:140) ~[tomcat-embed-core-10.1.31.jar!/:na]
	at org.springframework.web.filter.CharacterEncodingFilter.doFilterInternal(CharacterEncodingFilter.java:201) ~[spring-web-6.1.14.jar!/:6.1.14]
	at org.springframework.web.filter.OncePerRequestFilter.doFilter(OncePerRequestFilter.java:116) ~[spring-web-6.1.14.jar!/:6.1.14]
	at org.apache.catalina.core.ApplicationFilterChain.internalDoFilter(ApplicationFilterChain.java:164) ~[tomcat-embed-core-10.1.31.jar!/:na]
	at org.apache.catalina.core.ApplicationFilterChain.doFilter(ApplicationFilterChain.java:140) ~[tomcat-embed-core-10.1.31.jar!/:na]
	at org.apache.catalina.core.StandardWrapperValve.invoke(StandardWrapperValve.java:167) ~[tomcat-embed-core-10.1.31.jar!/:na]
	at org.apache.catalina.core.StandardContextValve.invoke(StandardContextValve.java:90) ~[tomcat-embed-core-10.1.31.jar!/:na]
	at org.apache.catalina.authenticator.AuthenticatorBase.invoke(AuthenticatorBase.java:483) ~[tomcat-embed-core-10.1.31.jar!/:na]
	at org.apache.catalina.core.StandardHostValve.invoke(StandardHostValve.java:115) ~[tomcat-embed-core-10.1.31.jar!/:na]
	at org.apache.catalina.valves.ErrorReportValve.invoke(ErrorReportValve.java:93) ~[tomcat-embed-core-10.1.31.jar!/:na]
	at org.apache.catalina.core.StandardEngineValve.invoke(StandardEngineValve.java:74) ~[tomcat-embed-core-10.1.31.jar!/:na]
	at org.apache.catalina.connector.CoyoteAdapter.service(CoyoteAdapter.java:344) ~[tomcat-embed-core-10.1.31.jar!/:na]
	at org.apache.coyote.http11.Http11Processor.service(Http11Processor.java:384) ~[tomcat-embed-core-10.1.31.jar!/:na]
	at org.apache.coyote.AbstractProcessorLight.process(AbstractProcessorLight.java:63) ~[tomcat-embed-core-10.1.31.jar!/:na]
	at org.apache.coyote.AbstractProtocol$ConnectionHandler.process(AbstractProtocol.java:905) ~[tomcat-embed-core-10.1.31.jar!/:na]
	at org.apache.tomcat.util.net.NioEndpoint$SocketProcessor.doRun(NioEndpoint.java:1741) ~[tomcat-embed-core-10.1.31.jar!/:na]
	at org.apache.tomcat.util.net.SocketProcessorBase.run(SocketProcessorBase.java:52) ~[tomcat-embed-core-10.1.31.jar!/:na]
	at org.apache.tomcat.util.threads.ThreadPoolExecutor.runWorker(ThreadPoolExecutor.java:1190) ~[tomcat-embed-core-10.1.31.jar!/:na]
	at org.apache.tomcat.util.threads.ThreadPoolExecutor$Worker.run(ThreadPoolExecutor.java:659) ~[tomcat-embed-core-10.1.31.jar!/:na]
	at org.apache.tomcat.util.threads.TaskThread$WrappingRunnable.run(TaskThread.java:63) ~[tomcat-embed-core-10.1.31.jar!/:na]
	at java.base/java.lang.Thread.run(Unknown Source) ~[na:na]

2026-06-02T22:08:22.253+08:00  INFO 28516 --- [main] com.bjtu.canteen.CanteenSimApplication   : Starting CanteenSimApplication v1.0.0 using Java 21.0.11 with PID 28516 (C:\Users\20681\Desktop\bjtu-canteen\bjtu-canteen\portable\app.jar started by 20681 in C:\Users\20681\Desktop\bjtu-canteen\bjtu-canteen\portable)
2026-06-02T22:08:22.257+08:00 DEBUG 28516 --- [main] com.bjtu.canteen.CanteenSimApplication   : Running with Spring Boot v3.3.5, Spring v6.1.14
2026-06-02T22:08:22.257+08:00  INFO 28516 --- [main] com.bjtu.canteen.CanteenSimApplication   : No active profile set, falling back to 1 default profile: "default"
2026-06-02T22:08:23.297+08:00  INFO 28516 --- [main] o.s.b.w.embedded.tomcat.TomcatWebServer  : Tomcat initialized with port 8888 (http)
2026-06-02T22:08:23.307+08:00  INFO 28516 --- [main] o.apache.catalina.core.StandardService   : Starting service [Tomcat]
2026-06-02T22:08:23.307+08:00  INFO 28516 --- [main] o.apache.catalina.core.StandardEngine    : Starting Servlet engine: [Apache Tomcat/10.1.31]
2026-06-02T22:08:23.342+08:00  INFO 28516 --- [main] o.a.c.c.C.[Tomcat].[localhost].[/api]    : Initializing Spring embedded WebApplicationContext
2026-06-02T22:08:23.342+08:00  INFO 28516 --- [main] w.s.c.ServletWebServerApplicationContext : Root WebApplicationContext: initialization completed in 1034 ms
2026-06-02T22:08:23.533+08:00  INFO 28516 --- [main] com.zaxxer.hikari.HikariDataSource       : HikariPool-1 - Starting...
2026-06-02T22:08:23.738+08:00  INFO 28516 --- [main] com.zaxxer.hikari.pool.HikariPool        : HikariPool-1 - Added connection com.mysql.cj.jdbc.ConnectionImpl@19c1820d
2026-06-02T22:08:23.738+08:00  INFO 28516 --- [main] com.zaxxer.hikari.HikariDataSource       : HikariPool-1 - Start completed.
2026-06-02T22:08:24.616+08:00  INFO 28516 --- [main] o.s.b.w.embedded.tomcat.TomcatWebServer  : Tomcat started on port 8888 (http) with context path '/api'
2026-06-02T22:08:24.646+08:00  INFO 28516 --- [main] com.bjtu.canteen.CanteenSimApplication   : Started CanteenSimApplication in 2.891 seconds (process running for 3.49)
2026-06-02T22:08:24.787+08:00  INFO 28516 --- [http-nio-8888-exec-1] o.a.c.c.C.[Tomcat].[localhost].[/api]    : Initializing Spring DispatcherServlet 'dispatcherServlet'
2026-06-02T22:08:24.787+08:00  INFO 28516 --- [http-nio-8888-exec-1] o.s.web.servlet.DispatcherServlet        : Initializing Servlet 'dispatcherServlet'
2026-06-02T22:08:24.787+08:00  INFO 28516 --- [http-nio-8888-exec-1] o.s.web.servlet.DispatcherServlet        : Completed initialization in 0 ms
2026-06-02T22:09:16.512+08:00  WARN 28516 --- [http-nio-8888-exec-10] .w.s.m.s.DefaultHandlerExceptionResolver : Resolved [org.springframework.web.context.request.async.AsyncRequestNotUsableException: ServletOutputStream failed to write: java.io.IOException: 你的主机中的软件中止了一个已建立的连接。]
2026-06-02T22:10:54.813+08:00  INFO 4928 --- [main] com.bjtu.canteen.CanteenSimApplication   : Starting CanteenSimApplication v1.0.0 using Java 21.0.11 with PID 4928 (C:\Users\20681\Desktop\bjtu-canteen\bjtu-canteen\portable\app.jar started by 20681 in C:\Users\20681\Desktop\bjtu-canteen\bjtu-canteen\portable)
2026-06-02T22:10:54.817+08:00 DEBUG 4928 --- [main] com.bjtu.canteen.CanteenSimApplication   : Running with Spring Boot v3.3.5, Spring v6.1.14
2026-06-02T22:10:54.819+08:00  INFO 4928 --- [main] com.bjtu.canteen.CanteenSimApplication   : No active profile set, falling back to 1 default profile: "default"
2026-06-02T22:10:55.935+08:00  INFO 4928 --- [main] o.s.b.w.embedded.tomcat.TomcatWebServer  : Tomcat initialized with port 8888 (http)
2026-06-02T22:10:55.951+08:00  INFO 4928 --- [main] o.apache.catalina.core.StandardService   : Starting service [Tomcat]
2026-06-02T22:10:55.951+08:00  INFO 4928 --- [main] o.apache.catalina.core.StandardEngine    : Starting Servlet engine: [Apache Tomcat/10.1.31]
2026-06-02T22:10:55.996+08:00  INFO 4928 --- [main] o.a.c.c.C.[Tomcat].[localhost].[/api]    : Initializing Spring embedded WebApplicationContext
2026-06-02T22:10:55.996+08:00  INFO 4928 --- [main] w.s.c.ServletWebServerApplicationContext : Root WebApplicationContext: initialization completed in 1120 ms
2026-06-02T22:10:56.289+08:00  INFO 4928 --- [main] com.zaxxer.hikari.HikariDataSource       : HikariPool-1 - Starting...
2026-06-02T22:10:56.586+08:00  INFO 4928 --- [main] com.zaxxer.hikari.pool.HikariPool        : HikariPool-1 - Added connection com.mysql.cj.jdbc.ConnectionImpl@19c1820d
2026-06-02T22:10:56.589+08:00  INFO 4928 --- [main] com.zaxxer.hikari.HikariDataSource       : HikariPool-1 - Start completed.
2026-06-02T22:10:57.231+08:00  INFO 4928 --- [main] o.s.b.w.embedded.tomcat.TomcatWebServer  : Tomcat started on port 8888 (http) with context path '/api'
2026-06-02T22:10:57.252+08:00  INFO 4928 --- [main] com.bjtu.canteen.CanteenSimApplication   : Started CanteenSimApplication in 2.904 seconds (process running for 3.408)
2026-06-02T22:10:57.513+08:00  INFO 4928 --- [http-nio-8888-exec-1] o.a.c.c.C.[Tomcat].[localhost].[/api]    : Initializing Spring DispatcherServlet 'dispatcherServlet'
2026-06-02T22:10:57.513+08:00  INFO 4928 --- [http-nio-8888-exec-1] o.s.web.servlet.DispatcherServlet        : Initializing Servlet 'dispatcherServlet'
2026-06-02T22:10:57.515+08:00  INFO 4928 --- [http-nio-8888-exec-1] o.s.web.servlet.DispatcherServlet        : Completed initialization in 0 ms
2026-06-02T22:14:09.520+08:00  INFO 21012 --- [main] com.bjtu.canteen.CanteenSimApplication   : Starting CanteenSimApplication v1.0.0 using Java 21.0.11 with PID 21012 (C:\Users\20681\Desktop\bjtu-canteen\bjtu-canteen\portable\app.jar started by 20681 in C:\Users\20681\Desktop\bjtu-canteen\bjtu-canteen\portable)
2026-06-02T22:14:09.522+08:00 DEBUG 21012 --- [main] com.bjtu.canteen.CanteenSimApplication   : Running with Spring Boot v3.3.5, Spring v6.1.14
2026-06-02T22:14:09.524+08:00  INFO 21012 --- [main] com.bjtu.canteen.CanteenSimApplication   : No active profile set, falling back to 1 default profile: "default"
2026-06-02T22:14:10.558+08:00  INFO 21012 --- [main] o.s.b.w.embedded.tomcat.TomcatWebServer  : Tomcat initialized with port 8888 (http)
2026-06-02T22:14:10.570+08:00  INFO 21012 --- [main] o.apache.catalina.core.StandardService   : Starting service [Tomcat]
2026-06-02T22:14:10.570+08:00  INFO 21012 --- [main] o.apache.catalina.core.StandardEngine    : Starting Servlet engine: [Apache Tomcat/10.1.31]
2026-06-02T22:14:10.601+08:00  INFO 21012 --- [main] o.a.c.c.C.[Tomcat].[localhost].[/api]    : Initializing Spring embedded WebApplicationContext
2026-06-02T22:14:10.601+08:00  INFO 21012 --- [main] w.s.c.ServletWebServerApplicationContext : Root WebApplicationContext: initialization completed in 1022 ms
2026-06-02T22:14:10.777+08:00  INFO 21012 --- [main] com.zaxxer.hikari.HikariDataSource       : HikariPool-1 - Starting...
2026-06-02T22:14:11.000+08:00  INFO 21012 --- [main] com.zaxxer.hikari.pool.HikariPool        : HikariPool-1 - Added connection com.mysql.cj.jdbc.ConnectionImpl@19c1820d
2026-06-02T22:14:11.004+08:00  INFO 21012 --- [main] com.zaxxer.hikari.HikariDataSource       : HikariPool-1 - Start completed.
2026-06-02T22:14:11.750+08:00  INFO 21012 --- [main] o.s.b.w.embedded.tomcat.TomcatWebServer  : Tomcat started on port 8888 (http) with context path '/api'
2026-06-02T22:14:11.775+08:00  INFO 21012 --- [main] com.bjtu.canteen.CanteenSimApplication   : Started CanteenSimApplication in 2.735 seconds (process running for 3.245)
2026-06-02T22:14:12.148+08:00  INFO 21012 --- [http-nio-8888-exec-1] o.a.c.c.C.[Tomcat].[localhost].[/api]    : Initializing Spring DispatcherServlet 'dispatcherServlet'
2026-06-02T22:14:12.152+08:00  INFO 21012 --- [http-nio-8888-exec-1] o.s.web.servlet.DispatcherServlet        : Initializing Servlet 'dispatcherServlet'
2026-06-02T22:14:12.152+08:00  INFO 21012 --- [http-nio-8888-exec-1] o.s.web.servlet.DispatcherServlet        : Completed initialization in 0 ms
2026-06-02T22:18:57.056+08:00  INFO 28492 --- [main] com.bjtu.canteen.CanteenSimApplication   : Starting CanteenSimApplication v1.0.0 using Java 21.0.11 with PID 28492 (C:\Users\20681\Desktop\bjtu-canteen\bjtu-canteen\portable\app.jar started by 20681 in C:\Users\20681\Desktop\bjtu-canteen\bjtu-canteen\portable)
2026-06-02T22:18:57.058+08:00 DEBUG 28492 --- [main] com.bjtu.canteen.CanteenSimApplication   : Running with Spring Boot v3.3.5, Spring v6.1.14
2026-06-02T22:18:57.058+08:00  INFO 28492 --- [main] com.bjtu.canteen.CanteenSimApplication   : No active profile set, falling back to 1 default profile: "default"
2026-06-02T22:18:58.180+08:00  INFO 28492 --- [main] o.s.b.w.embedded.tomcat.TomcatWebServer  : Tomcat initialized with port 8888 (http)
2026-06-02T22:18:58.192+08:00  INFO 28492 --- [main] o.apache.catalina.core.StandardService   : Starting service [Tomcat]
2026-06-02T22:18:58.192+08:00  INFO 28492 --- [main] o.apache.catalina.core.StandardEngine    : Starting Servlet engine: [Apache Tomcat/10.1.31]
2026-06-02T22:18:58.224+08:00  INFO 28492 --- [main] o.a.c.c.C.[Tomcat].[localhost].[/api]    : Initializing Spring embedded WebApplicationContext
2026-06-02T22:18:58.224+08:00  INFO 28492 --- [main] w.s.c.ServletWebServerApplicationContext : Root WebApplicationContext: initialization completed in 1118 ms
2026-06-02T22:18:58.564+08:00  INFO 28492 --- [main] com.zaxxer.hikari.HikariDataSource       : HikariPool-1 - Starting...
2026-06-02T22:18:58.859+08:00  INFO 28492 --- [main] com.zaxxer.hikari.pool.HikariPool        : HikariPool-1 - Added connection com.mysql.cj.jdbc.ConnectionImpl@25a94b55
2026-06-02T22:18:58.866+08:00  INFO 28492 --- [main] com.zaxxer.hikari.HikariDataSource       : HikariPool-1 - Start completed.
2026-06-02T22:18:59.823+08:00  INFO 28492 --- [main] o.s.b.w.embedded.tomcat.TomcatWebServer  : Tomcat started on port 8888 (http) with context path '/api'
2026-06-02T22:18:59.859+08:00  INFO 28492 --- [main] com.bjtu.canteen.CanteenSimApplication   : Started CanteenSimApplication in 3.238 seconds (process running for 3.716)
2026-06-02T22:19:00.258+08:00  INFO 28492 --- [http-nio-8888-exec-1] o.a.c.c.C.[Tomcat].[localhost].[/api]    : Initializing Spring DispatcherServlet 'dispatcherServlet'
2026-06-02T22:19:00.258+08:00  INFO 28492 --- [http-nio-8888-exec-1] o.s.web.servlet.DispatcherServlet        : Initializing Servlet 'dispatcherServlet'
2026-06-02T22:19:00.262+08:00  INFO 28492 --- [http-nio-8888-exec-1] o.s.web.servlet.DispatcherServlet        : Completed initialization in 4 ms
2026-06-02T22:22:25.229+08:00  INFO 25760 --- [main] com.bjtu.canteen.CanteenSimApplication   : Starting CanteenSimApplication v1.0.0 using Java 21.0.11 with PID 25760 (C:\Users\20681\Desktop\bjtu-canteen\bjtu-canteen\portable\app.jar started by 20681 in C:\Users\20681\Desktop\bjtu-canteen\bjtu-canteen\portable)
2026-06-02T22:22:25.233+08:00 DEBUG 25760 --- [main] com.bjtu.canteen.CanteenSimApplication   : Running with Spring Boot v3.3.5, Spring v6.1.14
2026-06-02T22:22:25.233+08:00  INFO 25760 --- [main] com.bjtu.canteen.CanteenSimApplication   : No active profile set, falling back to 1 default profile: "default"
2026-06-02T22:22:26.363+08:00  INFO 25760 --- [main] o.s.b.w.embedded.tomcat.TomcatWebServer  : Tomcat initialized with port 8888 (http)
2026-06-02T22:22:26.380+08:00  INFO 25760 --- [main] o.apache.catalina.core.StandardService   : Starting service [Tomcat]
2026-06-02T22:22:26.380+08:00  INFO 25760 --- [main] o.apache.catalina.core.StandardEngine    : Starting Servlet engine: [Apache Tomcat/10.1.31]
2026-06-02T22:22:26.412+08:00  INFO 25760 --- [main] o.a.c.c.C.[Tomcat].[localhost].[/api]    : Initializing Spring embedded WebApplicationContext
2026-06-02T22:22:26.412+08:00  INFO 25760 --- [main] w.s.c.ServletWebServerApplicationContext : Root WebApplicationContext: initialization completed in 1131 ms
2026-06-02T22:22:26.620+08:00  INFO 25760 --- [main] com.zaxxer.hikari.HikariDataSource       : HikariPool-1 - Starting...
2026-06-02T22:22:26.804+08:00  INFO 25760 --- [main] com.zaxxer.hikari.pool.HikariPool        : HikariPool-1 - Added connection com.mysql.cj.jdbc.ConnectionImpl@6adc5b9c
2026-06-02T22:22:26.804+08:00  INFO 25760 --- [main] com.zaxxer.hikari.HikariDataSource       : HikariPool-1 - Start completed.
2026-06-02T22:22:27.648+08:00  INFO 25760 --- [main] o.s.b.w.embedded.tomcat.TomcatWebServer  : Tomcat started on port 8888 (http) with context path '/api'
2026-06-02T22:22:27.682+08:00  INFO 25760 --- [main] com.bjtu.canteen.CanteenSimApplication   : Started CanteenSimApplication in 2.932 seconds (process running for 3.522)
2026-06-02T22:22:27.824+08:00  INFO 25760 --- [http-nio-8888-exec-1] o.a.c.c.C.[Tomcat].[localhost].[/api]    : Initializing Spring DispatcherServlet 'dispatcherServlet'
2026-06-02T22:22:27.826+08:00  INFO 25760 --- [http-nio-8888-exec-1] o.s.web.servlet.DispatcherServlet        : Initializing Servlet 'dispatcherServlet'
2026-06-02T22:22:27.828+08:00  INFO 25760 --- [http-nio-8888-exec-1] o.s.web.servlet.DispatcherServlet        : Completed initialization in 2 ms
2026-06-02T22:24:16.458+08:00  INFO 30096 --- [main] com.bjtu.canteen.CanteenSimApplication   : Starting CanteenSimApplication v1.0.0 using Java 21.0.11 with PID 30096 (C:\Users\20681\Desktop\bjtu-canteen\bjtu-canteen\portable\app.jar started by 20681 in C:\Users\20681\Desktop\bjtu-canteen\bjtu-canteen\portable)
2026-06-02T22:24:16.459+08:00 DEBUG 30096 --- [main] com.bjtu.canteen.CanteenSimApplication   : Running with Spring Boot v3.3.5, Spring v6.1.14
2026-06-02T22:24:16.460+08:00  INFO 30096 --- [main] com.bjtu.canteen.CanteenSimApplication   : No active profile set, falling back to 1 default profile: "default"
2026-06-02T22:24:17.469+08:00  INFO 30096 --- [main] o.s.b.w.embedded.tomcat.TomcatWebServer  : Tomcat initialized with port 8888 (http)
2026-06-02T22:24:17.479+08:00  INFO 30096 --- [main] o.apache.catalina.core.StandardService   : Starting service [Tomcat]
2026-06-02T22:24:17.479+08:00  INFO 30096 --- [main] o.apache.catalina.core.StandardEngine    : Starting Servlet engine: [Apache Tomcat/10.1.31]
2026-06-02T22:24:17.511+08:00  INFO 30096 --- [main] o.a.c.c.C.[Tomcat].[localhost].[/api]    : Initializing Spring embedded WebApplicationContext
2026-06-02T22:24:17.511+08:00  INFO 30096 --- [main] w.s.c.ServletWebServerApplicationContext : Root WebApplicationContext: initialization completed in 995 ms
2026-06-02T22:24:17.686+08:00  INFO 30096 --- [main] com.zaxxer.hikari.HikariDataSource       : HikariPool-1 - Starting...
2026-06-02T22:24:17.839+08:00  INFO 30096 --- [main] com.zaxxer.hikari.pool.HikariPool        : HikariPool-1 - Added connection com.mysql.cj.jdbc.ConnectionImpl@3e39baf0
2026-06-02T22:24:17.841+08:00  INFO 30096 --- [main] com.zaxxer.hikari.HikariDataSource       : HikariPool-1 - Start completed.
2026-06-02T22:24:18.445+08:00  INFO 30096 --- [main] o.s.b.w.embedded.tomcat.TomcatWebServer  : Tomcat started on port 8888 (http) with context path '/api'
2026-06-02T22:24:18.474+08:00  INFO 30096 --- [main] com.bjtu.canteen.CanteenSimApplication   : Started CanteenSimApplication in 2.507 seconds (process running for 3.112)
2026-06-02T22:24:18.953+08:00  INFO 30096 --- [http-nio-8888-exec-1] o.a.c.c.C.[Tomcat].[localhost].[/api]    : Initializing Spring DispatcherServlet 'dispatcherServlet'
2026-06-02T22:24:18.953+08:00  INFO 30096 --- [http-nio-8888-exec-1] o.s.web.servlet.DispatcherServlet        : Initializing Servlet 'dispatcherServlet'
2026-06-02T22:24:18.953+08:00  INFO 30096 --- [http-nio-8888-exec-1] o.s.web.servlet.DispatcherServlet        : Completed initialization in 0 ms
2026-06-02T22:54:56.272+08:00  INFO 18592 --- [main] com.bjtu.canteen.CanteenSimApplication   : Starting CanteenSimApplication v1.0.0 using Java 21.0.11 with PID 18592 (C:\Users\20681\Desktop\bjtu-canteen\bjtu-canteen\portable\app.jar started by 20681 in C:\Users\20681\Desktop\bjtu-canteen\bjtu-canteen\portable)
2026-06-02T22:54:56.276+08:00 DEBUG 18592 --- [main] com.bjtu.canteen.CanteenSimApplication   : Running with Spring Boot v3.3.5, Spring v6.1.14
2026-06-02T22:54:56.277+08:00  INFO 18592 --- [main] com.bjtu.canteen.CanteenSimApplication   : No active profile set, falling back to 1 default profile: "default"
2026-06-02T22:54:57.984+08:00  INFO 18592 --- [main] o.s.b.w.embedded.tomcat.TomcatWebServer  : Tomcat initialized with port 8888 (http)
2026-06-02T22:54:58.026+08:00  INFO 18592 --- [main] o.apache.catalina.core.StandardService   : Starting service [Tomcat]
2026-06-02T22:54:58.027+08:00  INFO 18592 --- [main] o.apache.catalina.core.StandardEngine    : Starting Servlet engine: [Apache Tomcat/10.1.31]
2026-06-02T22:54:58.181+08:00  INFO 18592 --- [main] o.a.c.c.C.[Tomcat].[localhost].[/api]    : Initializing Spring embedded WebApplicationContext
2026-06-02T22:54:58.186+08:00  INFO 18592 --- [main] w.s.c.ServletWebServerApplicationContext : Root WebApplicationContext: initialization completed in 1822 ms
2026-06-02T22:54:59.773+08:00  INFO 18592 --- [main] com.zaxxer.hikari.HikariDataSource       : HikariPool-1 - Starting...
2026-06-02T22:55:00.588+08:00  INFO 18592 --- [main] com.zaxxer.hikari.pool.HikariPool        : HikariPool-1 - Added connection com.mysql.cj.jdbc.ConnectionImpl@25a94b55
2026-06-02T22:55:00.592+08:00  INFO 18592 --- [main] com.zaxxer.hikari.HikariDataSource       : HikariPool-1 - Start completed.
2026-06-02T22:55:02.937+08:00  WARN 18592 --- [main] ConfigServletWebServerApplicationContext : Exception encountered during context initialization - cancelling refresh attempt: org.springframework.context.ApplicationContextException: Failed to start bean 'webServerStartStop'
2026-06-02T22:55:02.946+08:00  INFO 18592 --- [main] com.zaxxer.hikari.HikariDataSource       : HikariPool-1 - Shutdown initiated...
2026-06-02T22:55:03.042+08:00  INFO 18592 --- [main] com.zaxxer.hikari.HikariDataSource       : HikariPool-1 - Shutdown completed.
2026-06-02T22:55:03.135+08:00  INFO 18592 --- [main] .s.b.a.l.ConditionEvaluationReportLogger : 

Error starting ApplicationContext. To display the condition evaluation report re-run your application with 'debug' enabled.
2026-06-02T22:55:03.285+08:00 ERROR 18592 --- [main] o.s.b.d.LoggingFailureAnalysisReporter   : 

***************************
APPLICATION FAILED TO START
***************************

Description:

Web server failed to start. Port 8888 was already in use.

Action:

Identify and stop the process that's listening on port 8888 or configure this application to listen on another port.

2026-06-02T22:56:17.506+08:00  INFO 27644 --- [main] com.bjtu.canteen.CanteenSimApplication   : Starting CanteenSimApplication v1.0.0 using Java 21.0.11 with PID 27644 (C:\Users\20681\Desktop\bjtu-canteen\bjtu-canteen\portable\app.jar started by 20681 in C:\Users\20681\Desktop\bjtu-canteen\bjtu-canteen\portable)
2026-06-02T22:56:17.510+08:00 DEBUG 27644 --- [main] com.bjtu.canteen.CanteenSimApplication   : Running with Spring Boot v3.3.5, Spring v6.1.14
2026-06-02T22:56:17.512+08:00  INFO 27644 --- [main] com.bjtu.canteen.CanteenSimApplication   : No active profile set, falling back to 1 default profile: "default"
2026-06-02T22:56:18.571+08:00  INFO 27644 --- [main] o.s.b.w.embedded.tomcat.TomcatWebServer  : Tomcat initialized with port 8888 (http)
2026-06-02T22:56:18.586+08:00  INFO 27644 --- [main] o.apache.catalina.core.StandardService   : Starting service [Tomcat]
2026-06-02T22:56:18.586+08:00  INFO 27644 --- [main] o.apache.catalina.core.StandardEngine    : Starting Servlet engine: [Apache Tomcat/10.1.31]
2026-06-02T22:56:18.621+08:00  INFO 27644 --- [main] o.a.c.c.C.[Tomcat].[localhost].[/api]    : Initializing Spring embedded WebApplicationContext
2026-06-02T22:56:18.621+08:00  INFO 27644 --- [main] w.s.c.ServletWebServerApplicationContext : Root WebApplicationContext: initialization completed in 1048 ms
2026-06-02T22:56:18.812+08:00  INFO 27644 --- [main] com.zaxxer.hikari.HikariDataSource       : HikariPool-1 - Starting...
2026-06-02T22:56:20.006+08:00  WARN 27644 --- [main] ConfigServletWebServerApplicationContext : Exception encountered during context initialization - cancelling refresh attempt: org.springframework.beans.factory.UnsatisfiedDependencyException: Error creating bean with name 'canteenController': Unsatisfied dependency expressed through field 'feedbackMapper': Error creating bean with name 'feedbackMapper' defined in URL [jar:nested:/C:/Users/20681/Desktop/bjtu-canteen/bjtu-canteen/portable/app.jar/!BOOT-INF/classes/!/com/bjtu/canteen/mapper/FeedbackMapper.class]: Unsatisfied dependency expressed through bean property 'sqlSessionTemplate': Error creating bean with name 'dataSourceScriptDatabaseInitializer' defined in class path resource [org/springframework/boot/autoconfigure/sql/init/DataSourceInitializationConfiguration.class]: Failed to execute database script
2026-06-02T22:56:20.012+08:00  INFO 27644 --- [main] o.apache.catalina.core.StandardService   : Stopping service [Tomcat]
2026-06-02T22:56:20.022+08:00  INFO 27644 --- [main] .s.b.a.l.ConditionEvaluationReportLogger : 

Error starting ApplicationContext. To display the condition evaluation report re-run your application with 'debug' enabled.
2026-06-02T22:56:20.037+08:00 ERROR 27644 --- [main] o.s.boot.SpringApplication               : Application run failed

org.springframework.beans.factory.UnsatisfiedDependencyException: Error creating bean with name 'canteenController': Unsatisfied dependency expressed through field 'feedbackMapper': Error creating bean with name 'feedbackMapper' defined in URL [jar:nested:/C:/Users/20681/Desktop/bjtu-canteen/bjtu-canteen/portable/app.jar/!BOOT-INF/classes/!/com/bjtu/canteen/mapper/FeedbackMapper.class]: Unsatisfied dependency expressed through bean property 'sqlSessionTemplate': Error creating bean with name 'dataSourceScriptDatabaseInitializer' defined in class path resource [org/springframework/boot/autoconfigure/sql/init/DataSourceInitializationConfiguration.class]: Failed to execute database script
	at org.springframework.beans.factory.annotation.AutowiredAnnotationBeanPostProcessor$AutowiredFieldElement.resolveFieldValue(AutowiredAnnotationBeanPostProcessor.java:788) ~[spring-beans-6.1.14.jar!/:6.1.14]
	at org.springframework.beans.factory.annotation.AutowiredAnnotationBeanPostProcessor$AutowiredFieldElement.inject(AutowiredAnnotationBeanPostProcessor.java:768) ~[spring-beans-6.1.14.jar!/:6.1.14]
	at org.springframework.beans.factory.annotation.InjectionMetadata.inject(InjectionMetadata.java:145) ~[spring-beans-6.1.14.jar!/:6.1.14]
	at org.springframework.beans.factory.annotation.AutowiredAnnotationBeanPostProcessor.postProcessProperties(AutowiredAnnotationBeanPostProcessor.java:509) ~[spring-beans-6.1.14.jar!/:6.1.14]
	at org.springframework.beans.factory.support.AbstractAutowireCapableBeanFactory.populateBean(AbstractAutowireCapableBeanFactory.java:1439) ~[spring-beans-6.1.14.jar!/:6.1.14]
	at org.springframework.beans.factory.support.AbstractAutowireCapableBeanFactory.doCreateBean(AbstractAutowireCapableBeanFactory.java:599) ~[spring-beans-6.1.14.jar!/:6.1.14]
	at org.springframework.beans.factory.support.AbstractAutowireCapableBeanFactory.createBean(AbstractAutowireCapableBeanFactory.java:522) ~[spring-beans-6.1.14.jar!/:6.1.14]
	at org.springframework.beans.factory.support.AbstractBeanFactory.lambda$doGetBean$0(AbstractBeanFactory.java:337) ~[spring-beans-6.1.14.jar!/:6.1.14]
	at org.springframework.beans.factory.support.DefaultSingletonBeanRegistry.getSingleton(DefaultSingletonBeanRegistry.java:234) ~[spring-beans-6.1.14.jar!/:6.1.14]
	at org.springframework.beans.factory.support.AbstractBeanFactory.doGetBean(AbstractBeanFactory.java:335) ~[spring-beans-6.1.14.jar!/:6.1.14]
	at org.springframework.beans.factory.support.AbstractBeanFactory.getBean(AbstractBeanFactory.java:200) ~[spring-beans-6.1.14.jar!/:6.1.14]
	at org.springframework.beans.factory.support.DefaultListableBeanFactory.preInstantiateSingletons(DefaultListableBeanFactory.java:975) ~[spring-beans-6.1.14.jar!/:6.1.14]
	at org.springframework.context.support.AbstractApplicationContext.finishBeanFactoryInitialization(AbstractApplicationContext.java:971) ~[spring-context-6.1.14.jar!/:6.1.14]
	at org.springframework.context.support.AbstractApplicationContext.refresh(AbstractApplicationContext.java:625) ~[spring-context-6.1.14.jar!/:6.1.14]
	at org.springframework.boot.web.servlet.context.ServletWebServerApplicationContext.refresh(ServletWebServerApplicationContext.java:146) ~[spring-boot-3.3.5.jar!/:3.3.5]
	at org.springframework.boot.SpringApplication.refresh(SpringApplication.java:754) ~[spring-boot-3.3.5.jar!/:3.3.5]
	at org.springframework.boot.SpringApplication.refreshContext(SpringApplication.java:456) ~[spring-boot-3.3.5.jar!/:3.3.5]
	at org.springframework.boot.SpringApplication.run(SpringApplication.java:335) ~[spring-boot-3.3.5.jar!/:3.3.5]
	at org.springframework.boot.SpringApplication.run(SpringApplication.java:1363) ~[spring-boot-3.3.5.jar!/:3.3.5]
	at org.springframework.boot.SpringApplication.run(SpringApplication.java:1352) ~[spring-boot-3.3.5.jar!/:3.3.5]
	at com.bjtu.canteen.CanteenSimApplication.main(CanteenSimApplication.java:13) ~[!/:1.0.0]
	at java.base/jdk.internal.reflect.DirectMethodHandleAccessor.invoke(Unknown Source) ~[na:na]
	at java.base/java.lang.reflect.Method.invoke(Unknown Source) ~[na:na]
	at org.springframework.boot.loader.launch.Launcher.launch(Launcher.java:102) ~[app.jar:1.0.0]
	at org.springframework.boot.loader.launch.Launcher.launch(Launcher.java:64) ~[app.jar:1.0.0]
	at org.springframework.boot.loader.launch.JarLauncher.main(JarLauncher.java:40) ~[app.jar:1.0.0]
Caused by: org.springframework.beans.factory.UnsatisfiedDependencyException: Error creating bean with name 'feedbackMapper' defined in URL [jar:nested:/C:/Users/20681/Desktop/bjtu-canteen/bjtu-canteen/portable/app.jar/!BOOT-INF/classes/!/com/bjtu/canteen/mapper/FeedbackMapper.class]: Unsatisfied dependency expressed through bean property 'sqlSessionTemplate': Error creating bean with name 'dataSourceScriptDatabaseInitializer' defined in class path resource [org/springframework/boot/autoconfigure/sql/init/DataSourceInitializationConfiguration.class]: Failed to execute database script
	at org.springframework.beans.factory.support.AbstractAutowireCapableBeanFactory.autowireByType(AbstractAutowireCapableBeanFactory.java:1536) ~[spring-beans-6.1.14.jar!/:6.1.14]
	at org.springframework.beans.factory.support.AbstractAutowireCapableBeanFactory.populateBean(AbstractAutowireCapableBeanFactory.java:1430) ~[spring-beans-6.1.14.jar!/:6.1.14]
	at org.springframework.beans.factory.support.AbstractAutowireCapableBeanFactory.doCreateBean(AbstractAutowireCapableBeanFactory.java:599) ~[spring-beans-6.1.14.jar!/:6.1.14]
	at org.springframework.beans.factory.support.AbstractAutowireCapableBeanFactory.createBean(AbstractAutowireCapableBeanFactory.java:522) ~[spring-beans-6.1.14.jar!/:6.1.14]
	at org.springframework.beans.factory.support.AbstractBeanFactory.lambda$doGetBean$0(AbstractBeanFactory.java:337) ~[spring-beans-6.1.14.jar!/:6.1.14]
	at org.springframework.beans.factory.support.DefaultSingletonBeanRegistry.getSingleton(DefaultSingletonBeanRegistry.java:234) ~[spring-beans-6.1.14.jar!/:6.1.14]
	at org.springframework.beans.factory.support.AbstractBeanFactory.doGetBean(AbstractBeanFactory.java:335) ~[spring-beans-6.1.14.jar!/:6.1.14]
	at org.springframework.beans.factory.support.AbstractBeanFactory.getBean(AbstractBeanFactory.java:200) ~[spring-beans-6.1.14.jar!/:6.1.14]
	at org.springframework.beans.factory.config.DependencyDescriptor.resolveCandidate(DependencyDescriptor.java:254) ~[spring-beans-6.1.14.jar!/:6.1.14]
	at org.springframework.beans.factory.support.DefaultListableBeanFactory.doResolveDependency(DefaultListableBeanFactory.java:1443) ~[spring-beans-6.1.14.jar!/:6.1.14]
	at org.springframework.beans.factory.support.DefaultListableBeanFactory.resolveDependency(DefaultListableBeanFactory.java:1353) ~[spring-beans-6.1.14.jar!/:6.1.14]
	at org.springframework.beans.factory.annotation.AutowiredAnnotationBeanPostProcessor$AutowiredFieldElement.resolveFieldValue(AutowiredAnnotationBeanPostProcessor.java:785) ~[spring-beans-6.1.14.jar!/:6.1.14]
	... 25 common frames omitted
Caused by: org.springframework.beans.factory.BeanCreationException: Error creating bean with name 'dataSourceScriptDatabaseInitializer' defined in class path resource [org/springframework/boot/autoconfigure/sql/init/DataSourceInitializationConfiguration.class]: Failed to execute database script
	at org.springframework.beans.factory.support.AbstractAutowireCapableBeanFactory.initializeBean(AbstractAutowireCapableBeanFactory.java:1806) ~[spring-beans-6.1.14.jar!/:6.1.14]
	at org.springframework.beans.factory.support.AbstractAutowireCapableBeanFactory.doCreateBean(AbstractAutowireCapableBeanFactory.java:600) ~[spring-beans-6.1.14.jar!/:6.1.14]
	at org.springframework.beans.factory.support.AbstractAutowireCapableBeanFactory.createBean(AbstractAutowireCapableBeanFactory.java:522) ~[spring-beans-6.1.14.jar!/:6.1.14]
	at org.springframework.beans.factory.support.AbstractBeanFactory.lambda$doGetBean$0(AbstractBeanFactory.java:337) ~[spring-beans-6.1.14.jar!/:6.1.14]
	at org.springframework.beans.factory.support.DefaultSingletonBeanRegistry.getSingleton(DefaultSingletonBeanRegistry.java:234) ~[spring-beans-6.1.14.jar!/:6.1.14]
	at org.springframework.beans.factory.support.AbstractBeanFactory.doGetBean(AbstractBeanFactory.java:335) ~[spring-beans-6.1.14.jar!/:6.1.14]
	at org.springframework.beans.factory.support.AbstractBeanFactory.getBean(AbstractBeanFactory.java:200) ~[spring-beans-6.1.14.jar!/:6.1.14]
	at org.springframework.beans.factory.support.AbstractBeanFactory.doGetBean(AbstractBeanFactory.java:313) ~[spring-beans-6.1.14.jar!/:6.1.14]
	at org.springframework.beans.factory.support.AbstractBeanFactory.getBean(AbstractBeanFactory.java:200) ~[spring-beans-6.1.14.jar!/:6.1.14]
	at org.springframework.beans.factory.config.DependencyDescriptor.resolveCandidate(DependencyDescriptor.java:254) ~[spring-beans-6.1.14.jar!/:6.1.14]
	at org.springframework.beans.factory.support.DefaultListableBeanFactory.doResolveDependency(DefaultListableBeanFactory.java:1443) ~[spring-beans-6.1.14.jar!/:6.1.14]
	at org.springframework.beans.factory.support.DefaultListableBeanFactory.resolveDependency(DefaultListableBeanFactory.java:1353) ~[spring-beans-6.1.14.jar!/:6.1.14]
	at org.springframework.beans.factory.support.AbstractAutowireCapableBeanFactory.autowireByType(AbstractAutowireCapableBeanFactory.java:1521) ~[spring-beans-6.1.14.jar!/:6.1.14]
	... 36 common frames omitted
Caused by: org.springframework.jdbc.datasource.init.UncategorizedScriptException: Failed to execute database script
	at org.springframework.jdbc.datasource.init.DatabasePopulatorUtils.execute(DatabasePopulatorUtils.java:67) ~[spring-jdbc-6.1.14.jar!/:6.1.14]
	at org.springframework.boot.jdbc.init.DataSourceScriptDatabaseInitializer.runScripts(DataSourceScriptDatabaseInitializer.java:87) ~[spring-boot-3.3.5.jar!/:3.3.5]
	at org.springframework.boot.sql.init.AbstractScriptDatabaseInitializer.runScripts(AbstractScriptDatabaseInitializer.java:146) ~[spring-boot-3.3.5.jar!/:3.3.5]
	at org.springframework.boot.sql.init.AbstractScriptDatabaseInitializer.applyScripts(AbstractScriptDatabaseInitializer.java:108) ~[spring-boot-3.3.5.jar!/:3.3.5]
	at org.springframework.boot.sql.init.AbstractScriptDatabaseInitializer.applySchemaScripts(AbstractScriptDatabaseInitializer.java:98) ~[spring-boot-3.3.5.jar!/:3.3.5]
	at org.springframework.boot.sql.init.AbstractScriptDatabaseInitializer.initializeDatabase(AbstractScriptDatabaseInitializer.java:76) ~[spring-boot-3.3.5.jar!/:3.3.5]
	at org.springframework.boot.sql.init.AbstractScriptDatabaseInitializer.afterPropertiesSet(AbstractScriptDatabaseInitializer.java:66) ~[spring-boot-3.3.5.jar!/:3.3.5]
	at org.springframework.beans.factory.support.AbstractAutowireCapableBeanFactory.invokeInitMethods(AbstractAutowireCapableBeanFactory.java:1853) ~[spring-beans-6.1.14.jar!/:6.1.14]
	at org.springframework.beans.factory.support.AbstractAutowireCapableBeanFactory.initializeBean(AbstractAutowireCapableBeanFactory.java:1802) ~[spring-beans-6.1.14.jar!/:6.1.14]
	... 48 common frames omitted
Caused by: org.springframework.jdbc.CannotGetJdbcConnectionException: Failed to obtain JDBC Connection
	at org.springframework.jdbc.datasource.DataSourceUtils.getConnection(DataSourceUtils.java:84) ~[spring-jdbc-6.1.14.jar!/:6.1.14]
	at org.springframework.jdbc.datasource.init.DatabasePopulatorUtils.execute(DatabasePopulatorUtils.java:52) ~[spring-jdbc-6.1.14.jar!/:6.1.14]
	... 56 common frames omitted
Caused by: java.sql.SQLSyntaxErrorException: Unknown database 'bjtu_canteen'
	at com.mysql.cj.jdbc.exceptions.SQLError.createSQLException(SQLError.java:121) ~[mysql-connector-j-8.3.0.jar!/:8.3.0]
	at com.mysql.cj.jdbc.exceptions.SQLExceptionsMapping.translateException(SQLExceptionsMapping.java:122) ~[mysql-connector-j-8.3.0.jar!/:8.3.0]
	at com.mysql.cj.jdbc.ConnectionImpl.createNewIO(ConnectionImpl.java:815) ~[mysql-connector-j-8.3.0.jar!/:8.3.0]
	at com.mysql.cj.jdbc.ConnectionImpl.<init>(ConnectionImpl.java:438) ~[mysql-connector-j-8.3.0.jar!/:8.3.0]
	at com.mysql.cj.jdbc.ConnectionImpl.getInstance(ConnectionImpl.java:241) ~[mysql-connector-j-8.3.0.jar!/:8.3.0]
	at com.mysql.cj.jdbc.NonRegisteringDriver.connect(NonRegisteringDriver.java:189) ~[mysql-connector-j-8.3.0.jar!/:8.3.0]
	at com.zaxxer.hikari.util.DriverDataSource.getConnection(DriverDataSource.java:137) ~[HikariCP-5.1.0.jar!/:na]
	at com.zaxxer.hikari.pool.PoolBase.newConnection(PoolBase.java:360) ~[HikariCP-5.1.0.jar!/:na]
	at com.zaxxer.hikari.pool.PoolBase.newPoolEntry(PoolBase.java:202) ~[HikariCP-5.1.0.jar!/:na]
	at com.zaxxer.hikari.pool.HikariPool.createPoolEntry(HikariPool.java:461) ~[HikariCP-5.1.0.jar!/:na]
	at com.zaxxer.hikari.pool.HikariPool.checkFailFast(HikariPool.java:550) ~[HikariCP-5.1.0.jar!/:na]
	at com.zaxxer.hikari.pool.HikariPool.<init>(HikariPool.java:98) ~[HikariCP-5.1.0.jar!/:na]
	at com.zaxxer.hikari.HikariDataSource.getConnection(HikariDataSource.java:111) ~[HikariCP-5.1.0.jar!/:na]
	at org.springframework.jdbc.datasource.DataSourceUtils.fetchConnection(DataSourceUtils.java:160) ~[spring-jdbc-6.1.14.jar!/:6.1.14]
	at org.springframework.jdbc.datasource.DataSourceUtils.doGetConnection(DataSourceUtils.java:118) ~[spring-jdbc-6.1.14.jar!/:6.1.14]
	at org.springframework.jdbc.datasource.DataSourceUtils.getConnection(DataSourceUtils.java:81) ~[spring-jdbc-6.1.14.jar!/:6.1.14]
	... 57 common frames omitted

